TN:
SF:src\components\admin\ChangePasswordModal.jsx
FN:1,ChangePasswordModal
FN:5,(anonymous_1)
FN:6,(anonymous_2)
FN:31,(anonymous_3)
FN:32,(anonymous_4)
FN:39,(anonymous_5)
FNF:6
FNH:4
FNDA:12,ChangePasswordModal
FNDA:0,(anonymous_1)
FNDA:0,(anonymous_2)
FNDA:1,(anonymous_3)
FNDA:2,(anonymous_4)
FNDA:1,(anonymous_5)
DA:3,12
DA:4,2
DA:5,0
DA:6,0
DA:30,10
DA:31,1
DA:32,2
DA:40,1
DA:41,1
LF:9
LH:7
BRDA:3,0,0,2
BRDA:3,0,1,10
BRDA:5,1,0,0
BRDA:5,1,1,0
BRDA:31,2,0,1
BRDA:31,2,1,1
BRDA:59,3,0,10
BRDA:59,3,1,1
BRDA:63,4,0,1
BRDA:63,4,1,9
BRF:10
BRH:8
end_of_record
TN:
SF:src\components\admin\UserForm.jsx
FN:1,UserForm
FN:5,(anonymous_1)
FN:6,(anonymous_2)
FN:45,(anonymous_3)
FN:46,(anonymous_4)
FN:53,(anonymous_5)
FNF:6
FNH:4
FNDA:13,UserForm
FNDA:0,(anonymous_1)
FNDA:0,(anonymous_2)
FNDA:1,(anonymous_3)
FNDA:2,(anonymous_4)
FNDA:2,(anonymous_5)
DA:3,13
DA:4,2
DA:5,0
DA:6,0
DA:44,11
DA:45,1
DA:46,2
DA:54,2
DA:55,2
LF:9
LH:7
BRDA:3,0,0,2
BRDA:3,0,1,11
BRDA:5,1,0,0
BRDA:5,1,1,0
BRDA:45,2,0,1
BRDA:45,2,1,1
BRDA:78,3,0,11
BRDA:78,3,1,1
BRDA:82,4,0,2
BRDA:82,4,1,9
BRF:10
BRH:8
end_of_record
TN:
SF:src\components\admin\UserTable.jsx
FN:3,UserTable
FN:35,toggleMenu
FN:39,handleAction
FN:57,(anonymous_3)
FN:74,(anonymous_4)
FN:83,(anonymous_5)
FN:84,(anonymous_6)
FN:89,(anonymous_7)
FN:96,(anonymous_8)
FNF:9
FNH:8
FNDA:53,UserTable
FNDA:7,toggleMenu
FNDA:4,handleAction
FNDA:89,(anonymous_3)
FNDA:7,(anonymous_4)
FNDA:1,(anonymous_5)
FNDA:0,(anonymous_6)
FNDA:2,(anonymous_7)
FNDA:2,(anonymous_8)
DA:4,53
DA:6,53
DA:7,13
DA:15,40
DA:16,2
DA:19,38
DA:20,1
DA:23,37
DA:29,37
DA:36,7
DA:40,4
DA:41,4
DA:44,37
DA:58,89
DA:74,7
DA:83,1
DA:84,0
DA:89,2
DA:96,2
LF:19
LH:18
BRDA:6,0,0,13
BRDA:6,0,1,40
BRDA:15,1,0,2
BRDA:15,1,1,38
BRDA:19,2,0,1
BRDA:19,2,1,37
BRDA:19,3,0,38
BRDA:19,3,1,38
BRDA:36,4,0,0
BRDA:36,4,1,7
BRDA:62,5,0,89
BRDA:62,5,1,0
BRDA:63,6,0,89
BRDA:63,6,1,0
BRDA:67,7,0,52
BRDA:67,7,1,37
BRDA:68,8,0,52
BRDA:68,8,1,37
BRDA:72,9,0,89
BRDA:72,9,1,74
BRDA:77,10,0,74
BRDA:77,10,1,7
BRDA:84,11,0,0
BRDA:84,11,1,0
BRF:24
BRH:19
end_of_record
TN:
SF:src\components\doctor\DoctorAppointmentList.jsx
FN:3,DoctorAppointmentList
FN:40,toggleMenu
FN:44,handleAction
FN:50,(anonymous_3)
FN:70,(anonymous_4)
FN:87,(anonymous_5)
FN:90,(anonymous_6)
FN:92,(anonymous_7)
FN:98,(anonymous_8)
FN:116,(anonymous_9)
FNF:10
FNH:6
FNDA:29,DoctorAppointmentList
FNDA:3,toggleMenu
FNDA:2,handleAction
FNDA:0,(anonymous_3)
FNDA:16,(anonymous_4)
FNDA:3,(anonymous_5)
FNDA:0,(anonymous_6)
FNDA:2,(anonymous_7)
FNDA:0,(anonymous_8)
FNDA:0,(anonymous_9)
DA:4,29
DA:5,29
DA:7,29
DA:8,11
DA:16,18
DA:18,17
DA:19,1
DA:22,16
DA:28,16
DA:34,16
DA:41,3
DA:45,2
DA:46,2
DA:50,16
DA:51,0
DA:54,16
DA:55,29
DA:57,29
DA:71,16
DA:87,3
DA:90,0
DA:92,2
DA:98,0
DA:116,0
LF:24
LH:20
BRDA:7,0,0,11
BRDA:7,0,1,18
BRDA:16,1,0,1
BRDA:16,1,1,17
BRDA:18,2,0,1
BRDA:18,2,1,16
BRDA:18,3,0,17
BRDA:18,3,1,17
BRDA:41,4,0,0
BRDA:41,4,1,3
BRDA:54,5,0,0
BRDA:54,5,1,16
BRDA:73,6,0,0
BRDA:73,6,1,16
BRDA:75,7,0,16
BRDA:75,7,1,0
BRDA:80,8,0,16
BRDA:80,8,1,16
BRDA:81,9,0,16
BRDA:81,9,1,16
BRDA:85,10,0,16
BRDA:85,10,1,16
BRDA:88,11,0,16
BRDA:88,11,1,3
BRDA:95,12,0,3
BRDA:95,12,1,0
BRDA:114,13,0,29
BRDA:114,13,1,0
BRDA:117,14,0,0
BRDA:117,14,1,0
BRF:30
BRH:22
end_of_record
TN:
SF:src\components\doctor\MedicalRecordModal.jsx
FN:3,MedicalRecordModal
FN:5,(anonymous_1)
FN:6,(anonymous_2)
FN:13,(anonymous_3)
FNF:4
FNH:4
FNDA:10,MedicalRecordModal
FNDA:1,(anonymous_1)
FNDA:2,(anonymous_2)
FNDA:1,(anonymous_3)
DA:4,10
DA:5,1
DA:6,2
DA:14,1
DA:15,1
DA:16,1
LF:6
LH:6
BRDA:5,0,0,1
BRDA:5,0,1,1
BRDA:15,1,0,1
BRDA:15,1,1,1
BRDA:19,2,0,1
BRDA:19,2,1,0
BRDA:29,3,0,10
BRDA:29,3,1,10
BRDA:33,4,0,10
BRDA:33,4,1,10
BRDA:37,5,0,10
BRDA:37,5,1,10
BRDA:48,6,0,10
BRDA:48,6,1,1
BRDA:54,7,0,10
BRDA:54,7,1,1
BRDA:58,8,0,1
BRDA:58,8,1,9
BRF:18
BRH:17
end_of_record
TN:
SF:src\components\doctor\PriorityModal.jsx
FN:1,PriorityModal
FN:13,(anonymous_1)
FN:14,(anonymous_2)
FN:24,(anonymous_3)
FN:28,(anonymous_4)
FNF:5
FNH:4
FNDA:14,PriorityModal
FNDA:0,(anonymous_1)
FNDA:4,(anonymous_2)
FNDA:84,(anonymous_3)
FNDA:2,(anonymous_4)
DA:2,14
DA:3,14
DA:12,14
DA:13,0
DA:14,4
DA:25,84
DA:28,2
LF:7
LH:6
BRDA:13,0,0,0
BRDA:13,0,1,0
BRDA:27,1,0,14
BRDA:27,1,1,70
BRDA:36,2,0,14
BRDA:36,2,1,1
BRF:6
BRH:4
end_of_record
TN:
SF:src\components\paciente\AppointmentForm.jsx
FN:4,AppointmentForm
FN:41,(anonymous_1)
FN:54,(anonymous_2)
FNF:3
FNH:2
FNDA:35,AppointmentForm
FNDA:0,(anonymous_1)
FNDA:2,(anonymous_2)
DA:5,35
DA:7,35
DA:8,3
DA:22,32
DA:41,0
DA:54,2
LF:6
LH:5
BRDA:7,0,0,3
BRDA:7,0,1,32
BRDA:35,1,0,0
BRDA:35,1,1,32
BRDA:41,2,0,0
BRDA:41,2,1,0
BRDA:49,3,0,35
BRDA:49,3,1,1
BRDA:56,4,0,3
BRDA:56,4,1,29
BRF:10
BRH:7
end_of_record
TN:
SF:src\components\paciente\AppointmentList.jsx
FN:3,AppointmentList
FN:40,(anonymous_1)
FN:50,(anonymous_2)
FN:58,(anonymous_3)
FN:74,(anonymous_4)
FN:103,AppointmentCard
FN:130,(anonymous_6)
FNF:7
FNH:3
FNDA:28,AppointmentList
FNDA:0,(anonymous_1)
FNDA:13,(anonymous_2)
FNDA:0,(anonymous_3)
FNDA:0,(anonymous_4)
FNDA:13,AppointmentCard
FNDA:0,(anonymous_6)
DA:4,28
DA:6,28
DA:7,13
DA:15,15
DA:17,14
DA:18,1
DA:21,13
DA:27,13
DA:33,13
DA:40,13
DA:41,0
DA:44,13
DA:45,13
DA:47,13
DA:51,13
DA:58,0
DA:75,0
DA:104,13
DA:130,0
LF:19
LH:15
BRDA:6,0,0,13
BRDA:6,0,1,15
BRDA:15,1,0,1
BRDA:15,1,1,14
BRDA:17,2,0,1
BRDA:17,2,1,13
BRDA:17,3,0,14
BRDA:17,3,1,14
BRDA:56,4,0,13
BRDA:56,4,1,0
BRDA:59,5,0,0
BRDA:59,5,1,0
BRDA:62,6,0,0
BRDA:62,6,1,0
BRDA:77,7,0,0
BRDA:77,7,1,0
BRDA:80,8,0,0
BRDA:80,8,1,0
BRDA:82,9,0,0
BRDA:82,9,1,0
BRDA:87,10,0,0
BRDA:87,10,1,0
BRDA:88,11,0,0
BRDA:88,11,1,0
BRDA:112,12,0,13
BRDA:112,12,1,13
BRDA:118,13,0,0
BRDA:118,13,1,13
BRDA:123,14,0,13
BRDA:123,14,1,0
BRDA:126,15,0,13
BRDA:126,15,1,13
BRDA:127,16,0,13
BRDA:127,16,1,13
BRDA:129,17,0,13
BRDA:129,17,1,0
BRDA:138,18,0,13
BRDA:138,18,1,0
BRDA:138,18,2,0
BRDA:153,19,0,13
BRDA:153,19,1,0
BRDA:157,20,0,0
BRDA:157,20,1,0
BRDA:163,21,0,0
BRDA:163,21,1,0
BRDA:169,22,0,0
BRDA:169,22,1,0
BRDA:175,23,0,0
BRDA:175,23,1,0
BRDA:188,24,0,0
BRDA:188,24,1,0
BRF:51
BRH:20
end_of_record
TN:
SF:src\components\paciente\CancelAppointmentModal.jsx
FN:1,CancelAppointmentModal
FN:3,(anonymous_1)
FN:4,(anonymous_2)
FN:11,(anonymous_3)
FNF:4
FNH:4
FNDA:9,CancelAppointmentModal
FNDA:1,(anonymous_1)
FNDA:2,(anonymous_2)
FNDA:1,(anonymous_3)
DA:2,9
DA:3,1
DA:4,2
DA:12,1
DA:13,1
LF:5
LH:5
BRDA:3,0,0,1
BRDA:3,0,1,1
BRDA:23,1,0,9
BRDA:23,1,1,1
BRDA:27,2,0,1
BRDA:27,2,1,8
BRF:6
BRH:6
end_of_record
TN:
SF:src\components\paciente\PatientInfo.jsx
FN:1,PatientInfo
FNF:1
FNH:1
FNDA:64,PatientInfo
DA:2,64
DA:3,23
DA:11,41
DA:12,3
DA:15,38
DA:17,37
DA:19,37
LF:7
LH:7
BRDA:2,0,0,23
BRDA:2,0,1,41
BRDA:11,1,0,3
BRDA:11,1,1,38
BRDA:15,2,0,1
BRDA:15,2,1,37
BRDA:35,3,0,64
BRDA:35,3,1,0
BRDA:41,4,0,6
BRDA:41,4,1,31
BRDA:42,5,0,6
BRDA:42,5,1,31
BRF:12
BRH:11
end_of_record
TN:
SF:src\components\shared\ConfirmModal.jsx
FN:1,ConfirmModal
FN:3,(anonymous_1)
FN:4,(anonymous_2)
FNF:3
FNH:3
FNDA:13,ConfirmModal
FNDA:1,(anonymous_1)
FNDA:5,(anonymous_2)
DA:2,13
DA:3,1
DA:4,5
LF:3
LH:3
BRDA:3,0,0,1
BRDA:3,0,1,1
BRDA:15,1,0,4
BRDA:15,1,1,9
BRF:4
BRH:4
end_of_record
TN:
SF:src\components\shared\Footer.jsx
FN:3,Footer
FNF:1
FNH:1
FNDA:60,Footer
DA:4,60
DA:6,60
LF:2
LH:2
BRF:0
BRH:0
end_of_record
TN:
SF:src\components\shared\LoginForm.jsx
FN:4,LoginForm
FN:8,handleSubmit
FN:34,(anonymous_2)
FN:48,(anonymous_3)
FNF:4
FNH:4
FNDA:52,LoginForm
FNDA:4,handleSubmit
FNDA:21,(anonymous_2)
FNDA:17,(anonymous_3)
DA:5,52
DA:6,52
DA:9,4
DA:10,4
DA:11,3
DA:14,52
DA:34,21
DA:48,17
LF:8
LH:8
BRDA:10,0,0,1
BRDA:10,0,1,3
BRDA:10,1,0,4
BRDA:10,1,1,3
BRDA:53,2,0,52
BRDA:53,2,1,2
BRDA:56,3,0,4
BRDA:56,3,1,48
BRF:8
BRH:8
end_of_record
TN:
SF:src\components\shared\Logo.jsx
FN:1,Logo
FNF:1
FNH:1
FNDA:43,Logo
DA:2,43
DA:9,43
DA:11,43
LF:3
LH:3
BRDA:1,0,0,43
BRDA:1,1,0,43
BRDA:9,2,0,0
BRDA:9,2,1,43
BRDA:16,3,0,43
BRDA:16,3,1,0
BRF:6
BRH:4
end_of_record
TN:
SF:src\components\shared\NotificationBell.jsx
FN:5,NotificationBell
FN:11,(anonymous_1)
FN:14,(anonymous_2)
FN:17,(anonymous_3)
FN:18,handleClickOutside
FN:24,(anonymous_5)
FN:27,fetchNotifications
FN:38,handleMarkAsRead
FN:41,(anonymous_8)
FN:42,(anonymous_9)
FN:49,(anonymous_10)
FN:59,(anonymous_11)
FN:76,(anonymous_12)
FN:93,(anonymous_13)
FNF:14
FNH:10
FNDA:17,NotificationBell
FNDA:6,(anonymous_1)
FNDA:6,(anonymous_2)
FNDA:6,(anonymous_3)
FNDA:1,handleClickOutside
FNDA:6,(anonymous_5)
FNDA:6,fetchNotifications
FNDA:0,handleMarkAsRead
FNDA:0,(anonymous_8)
FNDA:0,(anonymous_9)
FNDA:3,(anonymous_10)
FNDA:4,(anonymous_11)
FNDA:1,(anonymous_12)
FNDA:0,(anonymous_13)
DA:6,17
DA:7,17
DA:8,17
DA:9,17
DA:11,17
DA:12,6
DA:13,6
DA:14,6
DA:17,17
DA:19,1
DA:20,1
DA:23,6
DA:24,6
DA:28,6
DA:29,6
DA:30,6
DA:32,0
DA:34,6
DA:39,0
DA:40,0
DA:41,0
DA:42,0
DA:45,0
DA:49,17
DA:51,17
DA:57,17
DA:59,4
DA:77,1
DA:93,0
LF:29
LH:22
BRDA:19,0,0,1
BRDA:19,0,1,0
BRDA:19,1,0,1
BRDA:19,1,1,1
BRDA:30,2,0,6
BRDA:30,2,1,0
BRDA:42,3,0,0
BRDA:42,3,1,0
BRDA:61,4,0,17
BRDA:61,4,1,2
BRDA:64,5,0,17
BRDA:64,5,1,6
BRDA:71,6,0,2
BRDA:71,6,1,4
BRDA:73,7,0,3
BRDA:73,7,1,1
BRDA:79,8,0,0
BRDA:79,8,1,1
BRDA:82,9,0,1
BRDA:82,9,1,0
BRDA:90,10,0,1
BRDA:90,10,1,1
BRF:22
BRH:16
end_of_record
TN:
SF:src\components\shared\StatsCard.jsx
FN:1,StatsCard
FN:3,(anonymous_1)
FN:4,(anonymous_2)
FN:5,(anonymous_3)
FN:19,(anonymous_4)
FNF:5
FNH:5
FNDA:6,StatsCard
FNDA:16,(anonymous_1)
FNDA:16,(anonymous_2)
FNDA:16,(anonymous_3)
FNDA:24,(anonymous_4)
DA:2,6
DA:3,16
DA:4,16
DA:5,16
DA:7,6
DA:14,6
DA:20,24
LF:7
LH:7
BRDA:2,0,0,6
BRDA:2,0,1,2
BRDA:3,1,0,6
BRDA:3,1,1,2
BRDA:4,2,0,6
BRDA:4,2,1,2
BRDA:5,3,0,6
BRDA:5,3,1,2
BRF:8
BRH:8
end_of_record
TN:
SF:src\containers\LoginContainer.jsx
FN:6,LoginContainer
FN:10,handleSubmit
FNF:2
FNH:2
FNDA:7,LoginContainer
FNDA:2,handleSubmit
DA:7,7
DA:8,7
DA:11,2
DA:12,2
DA:14,2
DA:15,2
DA:16,1
DA:17,1
DA:19,1
DA:21,2
DA:25,7
LF:11
LH:11
BRDA:19,0,0,1
BRDA:19,0,1,0
BRF:2
BRH:1
end_of_record
TN:
SF:src\containers\admin\UserListContainer.jsx
FN:12,UserListContainer
FN:30,(anonymous_1)
FN:34,fetchUsers
FN:47,handleCreateUser
FN:61,handleDeleteUser
FN:74,handleChangePassword
FN:90,handleCloseForm
FN:96,handleClosePasswordModal
FN:103,(anonymous_8)
FN:104,(anonymous_9)
FN:105,(anonymous_10)
FN:134,(anonymous_11)
FN:164,(anonymous_12)
FN:165,(anonymous_13)
FN:186,(anonymous_14)
FNF:15
FNH:11
FNDA:32,UserListContainer
FNDA:11,(anonymous_1)
FNDA:14,fetchUsers
FNDA:1,handleCreateUser
FNDA:1,handleDeleteUser
FNDA:0,handleChangePassword
FNDA:0,handleCloseForm
FNDA:0,handleClosePasswordModal
FNDA:40,(anonymous_8)
FNDA:40,(anonymous_9)
FNDA:40,(anonymous_10)
FNDA:2,(anonymous_11)
FNDA:1,(anonymous_12)
FNDA:1,(anonymous_13)
FNDA:0,(anonymous_14)
DA:13,32
DA:14,32
DA:15,32
DA:17,32
DA:18,32
DA:19,32
DA:20,32
DA:22,32
DA:23,32
DA:25,32
DA:26,32
DA:27,32
DA:28,32
DA:30,32
DA:31,11
DA:35,14
DA:36,14
DA:37,14
DA:38,14
DA:39,13
DA:41,1
DA:43,14
DA:48,1
DA:49,1
DA:50,1
DA:51,1
DA:52,1
DA:53,1
DA:55,0
DA:57,1
DA:62,1
DA:63,1
DA:64,1
DA:65,1
DA:66,1
DA:68,0
DA:70,1
DA:75,0
DA:76,0
DA:77,0
DA:78,0
DA:82,0
DA:84,0
DA:86,0
DA:91,0
DA:92,0
DA:93,0
DA:97,0
DA:98,0
DA:99,0
DA:102,32
DA:103,40
DA:104,40
DA:105,40
DA:107,32
DA:134,2
DA:164,1
DA:165,1
DA:186,0
LF:59
LH:43
BRDA:41,0,0,1
BRDA:41,0,1,0
BRDA:55,1,0,0
BRDA:55,1,1,0
BRDA:84,2,0,0
BRDA:84,2,1,0
BRDA:171,3,0,32
BRDA:171,3,1,4
BRDA:181,4,0,32
BRDA:181,4,1,2
BRDA:191,5,0,32
BRDA:191,5,1,1
BRF:12
BRH:7
end_of_record
TN:
SF:src\containers\doctor\DoctorContainer.jsx
FN:12,DoctorContainer
FN:29,(anonymous_1)
FN:34,fetchDoctor
FN:47,fetchAppointments
FN:60,handleSetPriority
FN:74,handleSaveMedicalRecord
FN:160,(anonymous_6)
FN:161,(anonymous_7)
FN:171,(anonymous_8)
FN:181,(anonymous_9)
FNF:10
FNH:6
FNDA:26,DoctorContainer
FNDA:10,(anonymous_1)
FNDA:10,fetchDoctor
FNDA:12,fetchAppointments
FNDA:1,handleSetPriority
FNDA:0,handleSaveMedicalRecord
FNDA:2,(anonymous_6)
FNDA:0,(anonymous_7)
FNDA:0,(anonymous_8)
FNDA:0,(anonymous_9)
DA:13,26
DA:14,26
DA:15,26
DA:17,26
DA:18,26
DA:19,26
DA:21,26
DA:22,26
DA:23,26
DA:25,26
DA:26,26
DA:27,26
DA:29,26
DA:30,10
DA:31,10
DA:35,10
DA:36,10
DA:37,10
DA:38,10
DA:39,9
DA:41,1
DA:43,10
DA:48,12
DA:49,12
DA:50,12
DA:51,12
DA:52,11
DA:54,1
DA:56,12
DA:61,1
DA:62,1
DA:63,1
DA:64,1
DA:65,1
DA:66,1
DA:68,0
DA:70,1
DA:75,0
DA:76,0
DA:77,0
DA:78,0
DA:79,0
DA:80,0
DA:81,0
DA:82,0
DA:90,0
DA:91,0
DA:92,0
DA:96,0
DA:102,0
DA:103,0
DA:105,0
DA:107,0
DA:111,26
DA:160,2
DA:161,0
DA:171,0
DA:181,0
LF:58
LH:38
BRDA:41,0,0,1
BRDA:41,0,1,0
BRDA:54,1,0,1
BRDA:54,1,1,0
BRDA:68,2,0,0
BRDA:68,2,1,0
BRDA:78,3,0,0
BRDA:78,3,1,0
BRDA:90,4,0,0
BRDA:90,4,1,0
BRDA:92,5,0,0
BRDA:92,5,1,0
BRDA:105,6,0,0
BRDA:105,6,1,0
BRDA:167,7,0,26
BRDA:167,7,1,3
BRDA:177,8,0,26
BRDA:177,8,1,0
BRF:18
BRH:5
end_of_record
TN:
SF:src\containers\paciente\PacienteContainer.jsx
FN:13,PacienteContainer
FN:30,(anonymous_1)
FN:35,fetchPatient
FN:48,fetchAppointments
FN:61,handleCreateAppointment
FN:94,handleCancelAppointment
FN:158,(anonymous_6)
FN:176,(anonymous_7)
FN:186,(anonymous_8)
FNF:9
FNH:5
FNDA:28,PacienteContainer
FNDA:12,(anonymous_1)
FNDA:12,fetchPatient
FNDA:14,fetchAppointments
FNDA:1,handleCreateAppointment
FNDA:0,handleCancelAppointment
FNDA:0,(anonymous_6)
FNDA:0,(anonymous_7)
FNDA:0,(anonymous_8)
DA:14,28
DA:15,28
DA:16,28
DA:18,28
DA:19,28
DA:20,28
DA:22,28
DA:23,28
DA:24,28
DA:26,28
DA:27,28
DA:28,28
DA:30,28
DA:31,12
DA:32,12
DA:36,12
DA:37,12
DA:38,12
DA:39,12
DA:40,11
DA:42,1
DA:44,12
DA:49,14
DA:50,14
DA:51,14
DA:52,14
DA:53,13
DA:55,1
DA:57,14
DA:62,1
DA:63,1
DA:64,1
DA:65,1
DA:67,1
DA:68,0
DA:69,0
DA:70,0
DA:72,0
DA:80,0
DA:81,0
DA:85,1
DA:86,1
DA:88,0
DA:90,1
DA:95,0
DA:96,0
DA:97,0
DA:98,0
DA:99,0
DA:100,0
DA:102,0
DA:104,0
DA:108,28
DA:158,0
DA:176,0
DA:186,0
LF:56
LH:38
BRDA:42,0,0,1
BRDA:42,0,1,0
BRDA:55,1,0,1
BRDA:55,1,1,0
BRDA:67,2,0,0
BRDA:67,2,1,1
BRDA:67,3,0,1
BRDA:67,3,1,0
BRDA:80,4,0,0
BRDA:80,4,1,0
BRDA:88,5,0,0
BRDA:88,5,1,0
BRDA:102,6,0,0
BRDA:102,6,1,0
BRDA:182,7,0,28
BRDA:182,7,1,0
BRF:16
BRH:5
end_of_record
TN:
SF:src\services\authService.js
FN:3,login
FN:11,(anonymous_1)
FNF:2
FNH:2
FNDA:4,login
FNDA:1,(anonymous_1)
DA:1,1
DA:4,4
DA:10,3
DA:11,2
DA:12,2
DA:15,1
DA:16,1
LF:7
LH:7
BRDA:1,0,0,1
BRDA:1,0,1,1
BRDA:10,1,0,2
BRDA:10,1,1,1
BRDA:12,2,0,2
BRDA:12,2,1,1
BRF:6
BRH:6
end_of_record
TN:
SF:src\utils\api.js
FN:5,request
FN:42,(anonymous_1)
FN:43,(anonymous_2)
FN:45,(anonymous_3)
FN:47,(anonymous_4)
FNF:5
FNH:5
FNDA:10,request
FNDA:7,(anonymous_1)
FNDA:1,(anonymous_2)
FNDA:1,(anonymous_3)
FNDA:1,(anonymous_4)
DA:3,1
DA:4,1
DA:6,10
DA:8,10
DA:14,10
DA:19,10
DA:20,1
DA:21,1
DA:24,9
DA:25,1
DA:28,8
DA:29,1
DA:30,1
DA:33,7
DA:34,7
DA:35,6
DA:38,1
DA:41,1
DA:42,7
DA:44,1
DA:46,1
DA:47,1
LF:22
LH:22
BRDA:3,0,0,1
BRDA:3,0,1,1
BRDA:5,1,0,10
BRDA:10,2,0,9
BRDA:10,2,1,1
BRDA:19,3,0,1
BRDA:19,3,1,9
BRDA:24,4,0,1
BRDA:24,4,1,8
BRDA:28,5,0,1
BRDA:28,5,1,7
BRDA:30,6,0,1
BRDA:30,6,1,0
BRDA:34,7,0,6
BRDA:34,7,1,1
BRDA:34,8,0,7
BRDA:34,8,1,7
BRF:17
BRH:16
end_of_record
TN:
SF:src\utils\auth.js
FN:5,saveToken
FN:9,getToken
FN:13,removeToken
FN:17,isAuthenticated
FN:30,getRole
FN:42,getRut
FN:54,redirectByRole
FN:72,logout
FNF:8
FNH:8
FNDA:11,saveToken
FNDA:16,getToken
FNDA:2,removeToken
FNDA:4,isAuthenticated
FNDA:5,getRole
FNDA:3,getRut
FNDA:2,redirectByRole
FNDA:1,logout
DA:3,1
DA:6,11
DA:10,16
DA:14,2
DA:18,4
DA:19,4
DA:21,3
DA:22,3
DA:23,3
DA:24,3
DA:26,1
DA:31,5
DA:32,5
DA:34,3
DA:35,3
DA:36,3
DA:38,1
DA:43,3
DA:44,3
DA:46,2
DA:47,2
DA:48,2
DA:50,1
DA:55,2
DA:57,2
DA:59,1
DA:60,1
DA:62,0
DA:63,0
DA:65,0
DA:66,0
DA:68,1
DA:73,1
DA:74,1
LF:34
LH:30
BRDA:19,0,0,1
BRDA:19,0,1,3
BRDA:32,1,0,2
BRDA:32,1,1,3
BRDA:44,2,0,1
BRDA:44,2,1,2
BRDA:57,3,0,1
BRDA:57,3,1,0
BRDA:57,3,2,0
BRDA:57,3,3,1
BRF:10
BRH:8
end_of_record
