TN:
SF:src\components\admin\ChangePasswordModal.jsx
FN:1,ChangePasswordModal
FN:5,(anonymous_1)
FN:6,(anonymous_2)
FN:31,(anonymous_3)
FN:32,(anonymous_4)
FN:39,(anonymous_5)
FNF:6
FNH:6
FNDA:23,ChangePasswordModal
FNDA:1,(anonymous_1)
FNDA:1,(anonymous_2)
FNDA:2,(anonymous_3)
FNDA:4,(anonymous_4)
FNDA:3,(anonymous_5)
DA:3,23
DA:4,5
DA:5,1
DA:6,1
DA:30,18
DA:31,2
DA:32,4
DA:40,3
DA:41,3
LF:9
LH:9
BRDA:3,0,0,5
BRDA:3,0,1,18
BRDA:5,1,0,1
BRDA:5,1,1,1
BRDA:31,2,0,2
BRDA:31,2,1,1
BRDA:59,3,0,18
BRDA:59,3,1,2
BRDA:63,4,0,3
BRDA:63,4,1,15
BRF:10
BRH:10
end_of_record
TN:
SF:src\components\admin\UserForm.jsx
FN:1,UserForm
FN:5,(anonymous_1)
FN:6,(anonymous_2)
FN:45,(anonymous_3)
FN:46,(anonymous_4)
FN:53,(anonymous_5)
FNF:6
FNH:5
FNDA:20,UserForm
FNDA:0,(anonymous_1)
FNDA:1,(anonymous_2)
FNDA:1,(anonymous_3)
FNDA:3,(anonymous_4)
FNDA:4,(anonymous_5)
DA:3,20
DA:4,3
DA:5,0
DA:6,1
DA:44,17
DA:45,1
DA:46,3
DA:54,4
DA:55,4
LF:9
LH:8
BRDA:3,0,0,3
BRDA:3,0,1,17
BRDA:5,1,0,0
BRDA:5,1,1,0
BRDA:45,2,0,1
BRDA:45,2,1,1
BRDA:78,3,0,17
BRDA:78,3,1,2
BRDA:82,4,0,4
BRDA:82,4,1,13
BRF:10
BRH:8
end_of_record
TN:
SF:src\components\admin\UserTable.jsx
FN:3,UserTable
FN:35,toggleMenu
FN:39,handleAction
FN:57,(anonymous_3)
FN:74,(anonymous_4)
FN:83,(anonymous_5)
FN:84,(anonymous_6)
FN:89,(anonymous_7)
FN:96,(anonymous_8)
FNF:9
FNH:8
FNDA:91,UserTable
FNDA:11,toggleMenu
FNDA:8,handleAction
FNDA:151,(anonymous_3)
FNDA:11,(anonymous_4)
FNDA:1,(anonymous_5)
FNDA:0,(anonymous_6)
FNDA:5,(anonymous_7)
FNDA:3,(anonymous_8)
DA:4,91
DA:6,91
DA:7,20
DA:15,71
DA:16,2
DA:19,69
DA:20,1
DA:23,68
DA:29,68
DA:36,11
DA:40,8
DA:41,8
DA:44,68
DA:58,151
DA:74,11
DA:83,1
DA:84,0
DA:89,5
DA:96,3
LF:19
LH:18
BRDA:6,0,0,20
BRDA:6,0,1,71
BRDA:15,1,0,2
BRDA:15,1,1,69
BRDA:19,2,0,1
BRDA:19,2,1,68
BRDA:19,3,0,69
BRDA:19,3,1,69
BRDA:36,4,0,0
BRDA:36,4,1,11
BRDA:62,5,0,151
BRDA:62,5,1,0
BRDA:63,6,0,151
BRDA:63,6,1,0
BRDA:67,7,0,83
BRDA:67,7,1,68
BRDA:68,8,0,83
BRDA:68,8,1,68
BRDA:72,9,0,151
BRDA:72,9,1,136
BRDA:77,10,0,136
BRDA:77,10,1,11
BRDA:84,11,0,0
BRDA:84,11,1,0
BRF:24
BRH:19
end_of_record
TN:
SF:src\components\doctor\DoctorAppointmentList.jsx
FN:3,DoctorAppointmentList
FN:40,toggleMenu
FN:44,handleAction
FN:50,(anonymous_3)
FN:70,(anonymous_4)
FN:87,(anonymous_5)
FN:90,(anonymous_6)
FN:92,(anonymous_7)
FN:98,(anonymous_8)
FN:116,(anonymous_9)
FNF:10
FNH:0
FNDA:0,DoctorAppointmentList
FNDA:0,toggleMenu
FNDA:0,handleAction
FNDA:0,(anonymous_3)
FNDA:0,(anonymous_4)
FNDA:0,(anonymous_5)
FNDA:0,(anonymous_6)
FNDA:0,(anonymous_7)
FNDA:0,(anonymous_8)
FNDA:0,(anonymous_9)
DA:4,0
DA:5,0
DA:7,0
DA:8,0
DA:16,0
DA:18,0
DA:19,0
DA:22,0
DA:28,0
DA:34,0
DA:41,0
DA:45,0
DA:46,0
DA:50,0
DA:51,0
DA:54,0
DA:55,0
DA:57,0
DA:71,0
DA:87,0
DA:90,0
DA:92,0
DA:98,0
DA:116,0
LF:24
LH:0
BRDA:7,0,0,0
BRDA:7,0,1,0
BRDA:16,1,0,0
BRDA:16,1,1,0
BRDA:18,2,0,0
BRDA:18,2,1,0
BRDA:18,3,0,0
BRDA:18,3,1,0
BRDA:41,4,0,0
BRDA:41,4,1,0
BRDA:54,5,0,0
BRDA:54,5,1,0
BRDA:73,6,0,0
BRDA:73,6,1,0
BRDA:75,7,0,0
BRDA:75,7,1,0
BRDA:80,8,0,0
BRDA:80,8,1,0
BRDA:81,9,0,0
BRDA:81,9,1,0
BRDA:85,10,0,0
BRDA:85,10,1,0
BRDA:88,11,0,0
BRDA:88,11,1,0
BRDA:95,12,0,0
BRDA:95,12,1,0
BRDA:114,13,0,0
BRDA:114,13,1,0
BRDA:117,14,0,0
BRDA:117,14,1,0
BRF:30
BRH:0
end_of_record
TN:
SF:src\components\doctor\MedicalRecordModal.jsx
FN:3,MedicalRecordModal
FN:5,(anonymous_1)
FN:6,(anonymous_2)
FN:13,(anonymous_3)
FNF:4
FNH:4
FNDA:10,MedicalRecordModal
FNDA:1,(anonymous_1)
FNDA:2,(anonymous_2)
FNDA:1,(anonymous_3)
DA:4,10
DA:5,1
DA:6,2
DA:14,1
DA:15,1
DA:16,1
LF:6
LH:6
BRDA:5,0,0,1
BRDA:5,0,1,1
BRDA:15,1,0,1
BRDA:15,1,1,1
BRDA:19,2,0,1
BRDA:19,2,1,0
BRDA:29,3,0,10
BRDA:29,3,1,10
BRDA:33,4,0,10
BRDA:33,4,1,10
BRDA:37,5,0,10
BRDA:37,5,1,10
BRDA:48,6,0,10
BRDA:48,6,1,1
BRDA:54,7,0,10
BRDA:54,7,1,1
BRDA:58,8,0,1
BRDA:58,8,1,9
BRF:18
BRH:17
end_of_record
TN:
SF:src\components\doctor\PriorityModal.jsx
FN:1,PriorityModal
FN:13,(anonymous_1)
FN:14,(anonymous_2)
FN:24,(anonymous_3)
FN:28,(anonymous_4)
FNF:5
FNH:5
FNDA:14,PriorityModal
FNDA:2,(anonymous_1)
FNDA:4,(anonymous_2)
FNDA:84,(anonymous_3)
FNDA:1,(anonymous_4)
DA:2,14
DA:3,14
DA:12,14
DA:13,2
DA:14,4
DA:25,84
DA:28,1
LF:7
LH:7
BRDA:13,0,0,2
BRDA:13,0,1,1
BRDA:27,1,0,14
BRDA:27,1,1,70
BRDA:36,2,0,14
BRDA:36,2,1,1
BRF:6
BRH:6
end_of_record
TN:
SF:src\components\paciente\AppointmentForm.jsx
FN:4,AppointmentForm
FN:41,(anonymous_1)
FN:54,(anonymous_2)
FNF:3
FNH:3
FNDA:65,AppointmentForm
FNDA:2,(anonymous_1)
FNDA:6,(anonymous_2)
DA:5,65
DA:7,65
DA:8,6
DA:22,59
DA:41,2
DA:54,6
LF:6
LH:6
BRDA:7,0,0,6
BRDA:7,0,1,59
BRDA:35,1,0,4
BRDA:35,1,1,55
BRDA:41,2,0,2
BRDA:41,2,1,0
BRDA:49,3,0,65
BRDA:49,3,1,2
BRDA:56,4,0,7
BRDA:56,4,1,52
BRF:10
BRH:9
end_of_record
TN:
SF:src\components\paciente\AppointmentList.jsx
FN:3,AppointmentList
FN:40,(anonymous_1)
FN:50,(anonymous_2)
FN:58,(anonymous_3)
FN:74,(anonymous_4)
FN:103,AppointmentCard
FN:130,(anonymous_6)
FNF:7
FNH:7
FNDA:82,AppointmentList
FNDA:69,(anonymous_1)
FNDA:107,(anonymous_2)
FNDA:4,(anonymous_3)
FNDA:4,(anonymous_4)
FNDA:107,AppointmentCard
FNDA:5,(anonymous_6)
DA:4,82
DA:6,82
DA:7,19
DA:15,63
DA:17,61
DA:18,3
DA:21,58
DA:27,58
DA:33,58
DA:40,58
DA:41,69
DA:44,58
DA:45,58
DA:47,58
DA:51,107
DA:58,4
DA:75,4
DA:104,107
DA:130,5
LF:19
LH:19
BRDA:6,0,0,19
BRDA:6,0,1,63
BRDA:15,1,0,2
BRDA:15,1,1,61
BRDA:17,2,0,3
BRDA:17,2,1,58
BRDA:17,3,0,61
BRDA:17,3,1,60
BRDA:56,4,0,58
BRDA:56,4,1,7
BRDA:59,5,0,3
BRDA:59,5,1,4
BRDA:62,6,0,7
BRDA:62,6,1,3
BRDA:77,7,0,4
BRDA:77,7,1,1
BRDA:80,8,0,3
BRDA:80,8,1,1
BRDA:82,9,0,4
BRDA:82,9,1,0
BRDA:87,10,0,4
BRDA:87,10,1,0
BRDA:88,11,0,4
BRDA:88,11,1,0
BRDA:112,12,0,107
BRDA:112,12,1,1
BRDA:118,13,0,106
BRDA:118,13,1,1
BRDA:123,14,0,107
BRDA:123,14,1,0
BRDA:126,15,0,107
BRDA:126,15,1,1
BRDA:127,16,0,107
BRDA:127,16,1,1
BRDA:129,17,0,107
BRDA:129,17,1,100
BRDA:138,18,0,107
BRDA:138,18,1,4
BRDA:138,18,2,2
BRDA:153,19,0,107
BRDA:153,19,1,4
BRDA:157,20,0,4
BRDA:157,20,1,1
BRDA:163,21,0,4
BRDA:163,21,1,1
BRDA:169,22,0,4
BRDA:169,22,1,1
BRDA:175,23,0,4
BRDA:175,23,1,1
BRDA:188,24,0,4
BRDA:188,24,1,2
BRF:51
BRH:47
end_of_record
TN:
SF:src\components\paciente\CancelAppointmentModal.jsx
FN:1,CancelAppointmentModal
FN:3,(anonymous_1)
FN:4,(anonymous_2)
FN:11,(anonymous_3)
FNF:4
FNH:4
FNDA:16,CancelAppointmentModal
FNDA:1,(anonymous_1)
FNDA:3,(anonymous_2)
FNDA:3,(anonymous_3)
DA:2,16
DA:3,1
DA:4,3
DA:12,3
DA:13,3
LF:5
LH:5
BRDA:3,0,0,1
BRDA:3,0,1,1
BRDA:23,1,0,16
BRDA:23,1,1,2
BRDA:27,2,0,3
BRDA:27,2,1,13
BRF:6
BRH:6
end_of_record
TN:
SF:src\components\paciente\PatientInfo.jsx
FN:1,PatientInfo
FNF:1
FNH:1
FNDA:120,PatientInfo
DA:2,120
DA:3,33
DA:11,87
DA:12,3
DA:15,84
DA:17,83
DA:19,83
LF:7
LH:7
BRDA:2,0,0,33
BRDA:2,0,1,87
BRDA:11,1,0,3
BRDA:11,1,1,84
BRDA:15,2,0,1
BRDA:15,2,1,83
BRDA:35,3,0,120
BRDA:35,3,1,0
BRDA:41,4,0,6
BRDA:41,4,1,77
BRDA:42,5,0,6
BRDA:42,5,1,77
BRF:12
BRH:11
end_of_record
TN:
SF:src\components\shared\ConfirmModal.jsx
FN:1,ConfirmModal
FN:3,(anonymous_1)
FN:4,(anonymous_2)
FNF:3
FNH:3
FNDA:16,ConfirmModal
FNDA:1,(anonymous_1)
FNDA:6,(anonymous_2)
DA:2,16
DA:3,1
DA:4,6
LF:3
LH:3
BRDA:3,0,0,1
BRDA:3,0,1,1
BRDA:15,1,0,5
BRDA:15,1,1,11
BRF:4
BRH:4
end_of_record
TN:
SF:src\components\shared\Footer.jsx
FN:3,Footer
FNF:1
FNH:1
FNDA:122,Footer
DA:4,122
DA:6,122
LF:2
LH:2
BRF:0
BRH:0
end_of_record
TN:
SF:src\components\shared\LoginForm.jsx
FN:4,LoginForm
FN:8,handleSubmit
FN:34,(anonymous_2)
FN:48,(anonymous_3)
FNF:4
FNH:4
FNDA:52,LoginForm
FNDA:4,handleSubmit
FNDA:21,(anonymous_2)
FNDA:17,(anonymous_3)
DA:5,52
DA:6,52
DA:9,4
DA:10,4
DA:11,3
DA:14,52
DA:34,21
DA:48,17
LF:8
LH:8
BRDA:10,0,0,1
BRDA:10,0,1,3
BRDA:10,1,0,4
BRDA:10,1,1,3
BRDA:53,2,0,52
BRDA:53,2,1,2
BRDA:56,3,0,4
BRDA:56,3,1,48
BRF:8
BRH:8
end_of_record
TN:
SF:src\components\shared\Logo.jsx
FN:1,Logo
FNF:1
FNH:1
FNDA:43,Logo
DA:2,43
DA:9,43
DA:11,43
LF:3
LH:3
BRDA:1,0,0,43
BRDA:1,1,0,43
BRDA:9,2,0,0
BRDA:9,2,1,43
BRDA:16,3,0,43
BRDA:16,3,1,0
BRF:6
BRH:4
end_of_record
TN:
SF:src\components\shared\NotificationBell.jsx
FN:5,NotificationBell
FN:11,(anonymous_1)
FN:14,(anonymous_2)
FN:17,(anonymous_3)
FN:18,handleClickOutside
FN:24,(anonymous_5)
FN:27,fetchNotifications
FN:38,handleMarkAsRead
FN:41,(anonymous_8)
FN:42,(anonymous_9)
FN:49,(anonymous_10)
FN:59,(anonymous_11)
FN:76,(anonymous_12)
FN:93,(anonymous_13)
FNF:14
FNH:14
FNDA:34,NotificationBell
FNDA:12,(anonymous_1)
FNDA:12,(anonymous_2)
FNDA:12,(anonymous_3)
FNDA:1,handleClickOutside
FNDA:12,(anonymous_5)
FNDA:12,fetchNotifications
FNDA:3,handleMarkAsRead
FNDA:2,(anonymous_8)
FNDA:2,(anonymous_9)
FNDA:13,(anonymous_10)
FNDA:8,(anonymous_11)
FNDA:7,(anonymous_12)
FNDA:3,(anonymous_13)
DA:6,34
DA:7,34
DA:8,34
DA:9,34
DA:11,34
DA:12,12
DA:13,12
DA:14,12
DA:17,34
DA:19,1
DA:20,1
DA:23,12
DA:24,12
DA:28,12
DA:29,12
DA:30,11
DA:32,1
DA:34,12
DA:39,3
DA:40,3
DA:41,2
DA:42,2
DA:45,1
DA:49,34
DA:51,34
DA:57,34
DA:59,8
DA:77,7
DA:93,3
LF:29
LH:29
BRDA:19,0,0,1
BRDA:19,0,1,0
BRDA:19,1,0,1
BRDA:19,1,1,1
BRDA:30,2,0,11
BRDA:30,2,1,0
BRDA:42,3,0,2
BRDA:42,3,1,0
BRDA:61,4,0,34
BRDA:61,4,1,8
BRDA:64,5,0,34
BRDA:64,5,1,12
BRDA:71,6,0,2
BRDA:71,6,1,10
BRDA:73,7,0,3
BRDA:73,7,1,7
BRDA:79,8,0,3
BRDA:79,8,1,4
BRDA:82,9,0,7
BRDA:82,9,1,0
BRDA:90,10,0,7
BRDA:90,10,1,4
BRF:22
BRH:18
end_of_record
TN:
SF:src\components\shared\StatsCard.jsx
FN:1,StatsCard
FN:3,(anonymous_1)
FN:4,(anonymous_2)
FN:5,(anonymous_3)
FN:19,(anonymous_4)
FNF:5
FNH:5
FNDA:6,StatsCard
FNDA:16,(anonymous_1)
FNDA:16,(anonymous_2)
FNDA:16,(anonymous_3)
FNDA:24,(anonymous_4)
DA:2,6
DA:3,16
DA:4,16
DA:5,16
DA:7,6
DA:14,6
DA:20,24
LF:7
LH:7
BRDA:2,0,0,6
BRDA:2,0,1,2
BRDA:3,1,0,6
BRDA:3,1,1,2
BRDA:4,2,0,6
BRDA:4,2,1,2
BRDA:5,3,0,6
BRDA:5,3,1,2
BRF:8
BRH:8
end_of_record
TN:
SF:src\containers\LoginContainer.jsx
FN:6,LoginContainer
FN:10,handleSubmit
FNF:2
FNH:2
FNDA:7,LoginContainer
FNDA:2,handleSubmit
DA:7,7
DA:8,7
DA:11,2
DA:12,2
DA:14,2
DA:15,2
DA:16,1
DA:17,1
DA:19,1
DA:21,2
DA:25,7
LF:11
LH:11
BRDA:19,0,0,1
BRDA:19,0,1,0
BRF:2
BRH:1
end_of_record
TN:
SF:src\containers\admin\UserListContainer.jsx
FN:12,UserListContainer
FN:30,(anonymous_1)
FN:34,fetchUsers
FN:47,handleCreateUser
FN:61,handleDeleteUser
FN:74,handleChangePassword
FN:90,handleCloseForm
FN:96,handleClosePasswordModal
FN:103,(anonymous_8)
FN:104,(anonymous_9)
FN:105,(anonymous_10)
FN:134,(anonymous_11)
FN:164,(anonymous_12)
FN:165,(anonymous_13)
FN:186,(anonymous_14)
FNF:15
FNH:14
FNDA:66,UserListContainer
FNDA:18,(anonymous_1)
FNDA:22,fetchUsers
FNDA:3,handleCreateUser
FNDA:2,handleDeleteUser
FNDA:2,handleChangePassword
FNDA:2,handleCloseForm
FNDA:1,handleClosePasswordModal
FNDA:94,(anonymous_8)
FNDA:94,(anonymous_9)
FNDA:94,(anonymous_10)
FNDA:5,(anonymous_11)
FNDA:2,(anonymous_12)
FNDA:4,(anonymous_13)
FNDA:0,(anonymous_14)
DA:13,66
DA:14,66
DA:15,66
DA:17,66
DA:18,66
DA:19,66
DA:20,66
DA:22,66
DA:23,66
DA:25,66
DA:26,66
DA:27,66
DA:28,66
DA:30,66
DA:31,18
DA:35,22
DA:36,22
DA:37,22
DA:38,22
DA:39,21
DA:41,1
DA:43,22
DA:48,3
DA:49,3
DA:50,3
DA:51,3
DA:52,2
DA:53,2
DA:55,1
DA:57,3
DA:62,2
DA:63,2
DA:64,2
DA:65,1
DA:66,1
DA:68,1
DA:70,2
DA:75,2
DA:76,2
DA:77,2
DA:78,2
DA:82,1
DA:84,1
DA:86,2
DA:91,2
DA:92,2
DA:93,2
DA:97,1
DA:98,1
DA:99,1
DA:102,66
DA:103,94
DA:104,94
DA:105,94
DA:107,66
DA:134,5
DA:164,2
DA:165,4
DA:186,0
LF:59
LH:58
BRDA:41,0,0,1
BRDA:41,0,1,0
BRDA:55,1,0,1
BRDA:55,1,1,0
BRDA:84,2,0,1
BRDA:84,2,1,0
BRDA:171,3,0,66
BRDA:171,3,1,11
BRDA:181,4,0,66
BRDA:181,4,1,5
BRDA:191,5,0,66
BRDA:191,5,1,8
BRF:12
BRH:9
end_of_record
TN:
SF:src\containers\doctor\DoctorContainer.jsx
FN:12,DoctorContainer
FN:29,(anonymous_1)
FN:34,fetchDoctor
FN:47,fetchAppointments
FN:60,handleSetPriority
FN:74,handleSaveMedicalRecord
FN:160,(anonymous_6)
FN:161,(anonymous_7)
FN:171,(anonymous_8)
FN:181,(anonymous_9)
FNF:10
FNH:10
FNDA:54,DoctorContainer
FNDA:15,(anonymous_1)
FNDA:15,fetchDoctor
FNDA:19,fetchAppointments
FNDA:2,handleSetPriority
FNDA:4,handleSaveMedicalRecord
FNDA:3,(anonymous_6)
FNDA:5,(anonymous_7)
FNDA:1,(anonymous_8)
FNDA:1,(anonymous_9)
DA:13,54
DA:14,54
DA:15,54
DA:17,54
DA:18,54
DA:19,54
DA:21,54
DA:22,54
DA:23,54
DA:25,54
DA:26,54
DA:27,54
DA:29,54
DA:30,15
DA:31,15
DA:35,15
DA:36,15
DA:37,15
DA:38,15
DA:39,14
DA:41,1
DA:43,15
DA:48,19
DA:49,19
DA:50,19
DA:51,19
DA:52,18
DA:54,1
DA:56,19
DA:61,2
DA:62,2
DA:63,2
DA:64,2
DA:65,1
DA:66,1
DA:68,1
DA:70,2
DA:75,4
DA:76,4
DA:77,4
DA:78,4
DA:79,2
DA:80,2
DA:81,2
DA:82,2
DA:90,2
DA:91,1
DA:92,1
DA:96,3
DA:102,2
DA:103,2
DA:105,2
DA:107,4
DA:111,54
DA:160,3
DA:161,5
DA:171,1
DA:181,1
LF:58
LH:58
BRDA:41,0,0,1
BRDA:41,0,1,0
BRDA:54,1,0,1
BRDA:54,1,1,0
BRDA:68,2,0,1
BRDA:68,2,1,0
BRDA:78,3,0,2
BRDA:78,3,1,2
BRDA:90,4,0,1
BRDA:90,4,1,1
BRDA:92,5,0,1
BRDA:92,5,1,0
BRDA:105,6,0,2
BRDA:105,6,1,0
BRDA:167,7,0,54
BRDA:167,7,1,6
BRDA:177,8,0,54
BRDA:177,8,1,11
BRF:18
BRH:13
end_of_record
TN:
SF:src\containers\paciente\PacienteContainer.jsx
FN:13,PacienteContainer
FN:30,(anonymous_1)
FN:35,fetchPatient
FN:48,fetchAppointments
FN:61,handleCreateAppointment
FN:94,handleCancelAppointment
FN:158,(anonymous_6)
FN:176,(anonymous_7)
FN:186,(anonymous_8)
FNF:9
FNH:9
FNDA:56,PacienteContainer
FNDA:17,(anonymous_1)
FNDA:17,fetchPatient
FNDA:23,fetchAppointments
FNDA:5,handleCreateAppointment
FNDA:2,handleCancelAppointment
FNDA:1,(anonymous_6)
FNDA:4,(anonymous_7)
FNDA:1,(anonymous_8)
DA:14,56
DA:15,56
DA:16,56
DA:18,56
DA:19,56
DA:20,56
DA:22,56
DA:23,56
DA:24,56
DA:26,56
DA:27,56
DA:28,56
DA:30,56
DA:31,17
DA:32,17
DA:36,17
DA:37,17
DA:38,17
DA:39,17
DA:40,16
DA:42,1
DA:44,17
DA:49,23
DA:50,23
DA:51,23
DA:52,23
DA:53,22
DA:55,1
DA:57,23
DA:62,5
DA:63,5
DA:64,5
DA:65,5
DA:67,4
DA:68,2
DA:69,2
DA:70,2
DA:72,2
DA:80,2
DA:81,1
DA:85,4
DA:86,4
DA:88,1
DA:90,5
DA:95,2
DA:96,2
DA:97,2
DA:98,2
DA:99,1
DA:100,1
DA:102,1
DA:104,2
DA:108,56
DA:158,1
DA:176,4
DA:186,1
LF:56
LH:56
BRDA:42,0,0,1
BRDA:42,0,1,0
BRDA:55,1,0,1
BRDA:55,1,1,0
BRDA:67,2,0,2
BRDA:67,2,1,2
BRDA:67,3,0,4
BRDA:67,3,1,2
BRDA:80,4,0,1
BRDA:80,4,1,1
BRDA:88,5,0,1
BRDA:88,5,1,0
BRDA:102,6,0,1
BRDA:102,6,1,0
BRDA:182,7,0,56
BRDA:182,7,1,7
BRF:16
BRH:12
end_of_record
TN:
SF:src\services\authService.js
FN:3,login
FN:11,(anonymous_1)
FNF:2
FNH:2
FNDA:4,login
FNDA:1,(anonymous_1)
DA:1,1
DA:4,4
DA:10,3
DA:11,2
DA:12,2
DA:15,1
DA:16,1
LF:7
LH:7
BRDA:1,0,0,1
BRDA:1,0,1,1
BRDA:10,1,0,2
BRDA:10,1,1,1
BRDA:12,2,0,2
BRDA:12,2,1,1
BRF:6
BRH:6
end_of_record
TN:
SF:src\utils\api.js
FN:5,request
FN:42,(anonymous_1)
FN:43,(anonymous_2)
FN:45,(anonymous_3)
FN:47,(anonymous_4)
FNF:5
FNH:5
FNDA:10,request
FNDA:7,(anonymous_1)
FNDA:1,(anonymous_2)
FNDA:1,(anonymous_3)
FNDA:1,(anonymous_4)
DA:3,1
DA:4,1
DA:6,10
DA:8,10
DA:14,10
DA:19,10
DA:20,1
DA:21,1
DA:24,9
DA:25,1
DA:28,8
DA:29,1
DA:30,1
DA:33,7
DA:34,7
DA:35,6
DA:38,1
DA:41,1
DA:42,7
DA:44,1
DA:46,1
DA:47,1
LF:22
LH:22
BRDA:3,0,0,1
BRDA:3,0,1,1
BRDA:5,1,0,10
BRDA:10,2,0,9
BRDA:10,2,1,1
BRDA:19,3,0,1
BRDA:19,3,1,9
BRDA:24,4,0,1
BRDA:24,4,1,8
BRDA:28,5,0,1
BRDA:28,5,1,7
BRDA:30,6,0,1
BRDA:30,6,1,0
BRDA:34,7,0,6
BRDA:34,7,1,1
BRDA:34,8,0,7
BRDA:34,8,1,7
BRF:17
BRH:16
end_of_record
TN:
SF:src\utils\auth.js
FN:5,saveToken
FN:9,getToken
FN:13,removeToken
FN:17,isAuthenticated
FN:30,getRole
FN:42,getRut
FN:54,redirectByRole
FN:72,logout
FNF:8
FNH:8
FNDA:11,saveToken
FNDA:16,getToken
FNDA:2,removeToken
FNDA:4,isAuthenticated
FNDA:5,getRole
FNDA:3,getRut
FNDA:2,redirectByRole
FNDA:1,logout
DA:3,1
DA:6,11
DA:10,16
DA:14,2
DA:18,4
DA:19,4
DA:21,3
DA:22,3
DA:23,3
DA:24,3
DA:26,1
DA:31,5
DA:32,5
DA:34,3
DA:35,3
DA:36,3
DA:38,1
DA:43,3
DA:44,3
DA:46,2
DA:47,2
DA:48,2
DA:50,1
DA:55,2
DA:57,2
DA:59,1
DA:60,1
DA:62,0
DA:63,0
DA:65,0
DA:66,0
DA:68,1
DA:73,1
DA:74,1
LF:34
LH:30
BRDA:19,0,0,1
BRDA:19,0,1,3
BRDA:32,1,0,2
BRDA:32,1,1,3
BRDA:44,2,0,1
BRDA:44,2,1,2
BRDA:57,3,0,1
BRDA:57,3,1,0
BRDA:57,3,2,0
BRDA:57,3,3,1
BRF:10
BRH:8
end_of_record
